<?xml version="1.0" encoding="UTF-8"?>
<!-- Generated by org.testng.reporters.JUnitReportReporter -->
<testsuite hostname="Abisheks-MacBook-Air.local" failures="0" tests="1" name="auto_tc.Tc2" time="17.704" errors="0" timestamp="2022-12-24T13:31:49 IST" skipped="0">
  <testcase classname="auto_tc.Tc2" name="tc1" time="17.704"/>
  <system-out/>
</testsuite> <!-- auto_tc.Tc2 -->
