<?xml version="1.0" encoding="UTF-8"?>
<!-- Generated by org.testng.reporters.JUnitReportReporter -->
<testsuite hostname="Abisheks-MacBook-Air.local" failures="0" tests="1" name="auto_tc.Tc1" time="25.006" errors="0" timestamp="2022-12-24T13:31:49 IST" skipped="0">
  <testcase classname="auto_tc.Tc1" name="tc1" time="25.006"/>
  <system-out/>
</testsuite> <!-- auto_tc.Tc1 -->
